<?xml version="1.0" encoding="UTF-8"?>
<!-- Generated by org.testng.reporters.JUnitReportReporter -->
<testsuite hostname="family" name="com.test.WhiteboxQa" tests="1" failures="0" timestamp="28 Oct 2016 00:21:23 GMT" time="0.035" errors="0">
  <testcase name="verifyTitle" time="0.035" classname="com.test.WhiteboxQa"/>
</testsuite> <!-- com.test.WhiteboxQa -->
